<?xml version="1.0" encoding="UTF-8"?>
<!-- Generated by org.testng.reporters.JUnitXMLReporter -->
<testsuite hostname="mukesh-Lenovo-G580" name="Default test" tests="3" failures="0" timestamp="7 Nov 2016 12:54:18 GMT" time="4.885" errors="0">
  <testcase name="Handle_Dynamic_Webtable" time="0.6" classname="testcase.DynamicTable"/>
  <testcase name="readParticularCellValue" time="0.117" classname="testcase.DynamicTable"/>
  <testcase name="printrowcolumnofvalue" time="0.525" classname="testcase.DynamicTable"/>
</testsuite> <!-- Default test -->
