<?xml version="1.0" encoding="UTF-8" ?>
<testsuite tests="4" failures="0" name="suite.AllTests" time="0.063" errors="1" skipped="0">
  <properties>
[...]
</properties>
  <testcase classname="testcase.PriorityTCDemo" name="test1" time="0.016"/>
  <testcase classname="testcase.PriorityTCDemo" name="test2" time="0.047">
    <error message="test timed out after 5 milliseconds" type="java.lang.Exception">java.lang.Exception: test timed out after 5 milliseconds
	at java.lang.Thread.sleep(Native Method)
	at testcase.PriorityTCDemo.test2(PriorityTCDemo.java:35)
	at sun.reflect.NativeMethodAccessorImpl.invoke0(Native Method)
	at sun.reflect.NativeMethodAccessorImpl.invoke(NativeMethodAccessorImpl.java:62)
	at sun.reflect.DelegatingMethodAccessorImpl.invoke(DelegatingMethodAccessorImpl.java:43)
	at java.lang.reflect.Method.invoke(Method.java:483)
	at org.junit.runners.model.FrameworkMethod$1.runReflectiveCall(FrameworkMethod.java:47)
	at org.junit.internal.runners.model.ReflectiveCallable.run(ReflectiveCallable.java:12)
	at org.junit.runners.model.FrameworkMethod.invokeExplosively(FrameworkMethod.java:44)
	at org.junit.internal.runners.statements.InvokeMethod.evaluate(InvokeMethod.java:17)
	at org.junit.internal.runners.statements.FailOnTimeout$StatementThread.run(FailOnTimeout.java:74)
</error>
    <system-out>test2
</system-out>
  </testcase>
  <testcase classname="testcase.PriorityTCDemo" name="test3" time="0"/>
  <testcase classname="testcase.PriorityTCDemo" name="test4" time="0"/>
</testsuite>