<?xml version="1.0" encoding="UTF-8"?>
<testng-results skipped="0" failed="0" total="3" passed="3">
  <reporter-output>
  </reporter-output>
  <suite name="Default suite" duration-ms="4885" started-at="2016-11-07T12:54:13Z" finished-at="2016-11-07T12:54:18Z">
    <groups>
    </groups>
    <test name="Default test" duration-ms="4885" started-at="2016-11-07T12:54:13Z" finished-at="2016-11-07T12:54:18Z">
      <class name="testcase.DynamicTable">
        <test-method status="PASS" signature="setup()[pri:0, instance:testcase.DynamicTable@6f53b8a]" name="setup" is-config="true" duration-ms="3543" started-at="2016-11-07T18:24:13Z" finished-at="2016-11-07T18:24:17Z">
          <reporter-output>
          </reporter-output>
        </test-method> <!-- setup -->
        <test-method status="PASS" signature="Handle_Dynamic_Webtable()[pri:0, instance:testcase.DynamicTable@6f53b8a]" name="Handle_Dynamic_Webtable" duration-ms="600" started-at="2016-11-07T18:24:17Z" finished-at="2016-11-07T18:24:17Z">
          <reporter-output>
          </reporter-output>
        </test-method> <!-- Handle_Dynamic_Webtable -->
        <test-method status="PASS" signature="readParticularCellValue()[pri:0, instance:testcase.DynamicTable@6f53b8a]" name="readParticularCellValue" duration-ms="117" started-at="2016-11-07T18:24:17Z" finished-at="2016-11-07T18:24:17Z">
          <reporter-output>
          </reporter-output>
        </test-method> <!-- readParticularCellValue -->
        <test-method status="PASS" signature="printrowcolumnofvalue()[pri:0, instance:testcase.DynamicTable@6f53b8a]" name="printrowcolumnofvalue" duration-ms="525" started-at="2016-11-07T18:24:17Z" finished-at="2016-11-07T18:24:18Z">
          <reporter-output>
          </reporter-output>
        </test-method> <!-- printrowcolumnofvalue -->
        <test-method status="PASS" signature="tearDown()[pri:0, instance:testcase.DynamicTable@6f53b8a]" name="tearDown" is-config="true" duration-ms="79" started-at="2016-11-07T18:24:18Z" finished-at="2016-11-07T18:24:18Z">
          <reporter-output>
          </reporter-output>
        </test-method> <!-- tearDown -->
      </class> <!-- testcase.DynamicTable -->
    </test> <!-- Default test -->
  </suite> <!-- Default suite -->
</testng-results>
